<?xml version="1.0" encoding="UTF-8"?>
<!-- Generated by org.testng.reporters.JUnitReportReporter -->
<testsuite hostname="WL-JQG7R73" failures="0" tests="2" name="selenium.demo_Testng" time="0.006" errors="0" timestamp="29 Jun 2023 14:43:41 GMT" skipped="0">
  <testcase classname="selenium.demo_Testng" name="ordermobile" time="0.001"/>
  <testcase classname="selenium.demo_Testng" name="orderTV" time="0.005"/>
</testsuite> <!-- selenium.demo_Testng -->
